[DEBUG] 2018-01-31 22:36:56,454 | /home/frappe/frappe-bench/apps/frappe/frappe/utils/scheduler.py:
Site: sfao_l
Queued events for site sfao_l
[DEBUG] 2018-01-31 22:37:56,612 | /home/frappe/frappe-bench/apps/frappe/frappe/utils/scheduler.py:
Site: Suivi_Atelier
Queued events for site Suivi_Atelier
[DEBUG] 2018-01-31 22:37:56,669 | /home/frappe/frappe-bench/apps/frappe/frappe/utils/scheduler.py:
Site: sfao_l
Queued events for site sfao_l
[DEBUG] 2018-01-31 22:38:56,804 | /home/frappe/frappe-bench/apps/frappe/frappe/utils/scheduler.py:
Site: Suivi_Atelier
Queued events for site Suivi_Atelier
[DEBUG] 2018-01-31 22:38:56,866 | /home/frappe/frappe-bench/apps/frappe/frappe/utils/scheduler.py:
Site: sfao_l
Queued events for site sfao_l
[DEBUG] 2018-01-31 22:39:56,985 | /home/frappe/frappe-bench/apps/frappe/frappe/utils/scheduler.py:
Site: Suivi_Atelier
Queued events for site Suivi_Atelier
[DEBUG] 2018-01-31 22:39:57,027 | /home/frappe/frappe-bench/apps/frappe/frappe/utils/scheduler.py:
Site: sfao_l
Queued events for site sfao_l
[DEBUG] 2018-01-31 22:40:57,180 | /home/frappe/frappe-bench/apps/frappe/frappe/utils/scheduler.py:
Site: Suivi_Atelier
Queued events for site Suivi_Atelier
[DEBUG] 2018-01-31 22:40:57,263 | /home/frappe/frappe-bench/apps/frappe/frappe/utils/scheduler.py:
Site: sfao_l
Queued events for site sfao_l
[DEBUG] 2018-01-31 22:41:57,401 | /home/frappe/frappe-bench/apps/frappe/frappe/utils/scheduler.py:
Site: Suivi_Atelier
Queued events for site Suivi_Atelier
[DEBUG] 2018-01-31 22:41:57,446 | /home/frappe/frappe-bench/apps/frappe/frappe/utils/scheduler.py:
Site: sfao_l
Queued events for site sfao_l
[DEBUG] 2018-01-31 22:42:57,582 | /home/frappe/frappe-bench/apps/frappe/frappe/utils/scheduler.py:
Site: Suivi_Atelier
Queued events for site Suivi_Atelier
[DEBUG] 2018-01-31 22:42:57,628 | /home/frappe/frappe-bench/apps/frappe/frappe/utils/scheduler.py:
Site: sfao_l
Queued events for site sfao_l
[DEBUG] 2018-01-31 22:43:57,744 | /home/frappe/frappe-bench/apps/frappe/frappe/utils/scheduler.py:
Site: Suivi_Atelier
Queued events for site Suivi_Atelier
[DEBUG] 2018-01-31 22:43:57,780 | /home/frappe/frappe-bench/apps/frappe/frappe/utils/scheduler.py:
Site: sfao_l
Queued events for site sfao_l
[DEBUG] 2018-01-31 22:44:57,930 | /home/frappe/frappe-bench/apps/frappe/frappe/utils/scheduler.py:
Site: Suivi_Atelier
Queued events for site Suivi_Atelier
[DEBUG] 2018-01-31 22:44:58,003 | /home/frappe/frappe-bench/apps/frappe/frappe/utils/scheduler.py:
Site: sfao_l
Queued events for site sfao_l
[DEBUG] 2018-01-31 22:45:58,140 | /home/frappe/frappe-bench/apps/frappe/frappe/utils/scheduler.py:
Site: Suivi_Atelier
Queued events for site Suivi_Atelier
[DEBUG] 2018-01-31 22:45:58,182 | /home/frappe/frappe-bench/apps/frappe/frappe/utils/scheduler.py:
Site: sfao_l
Queued events for site sfao_l
[DEBUG] 2018-01-31 22:46:58,309 | /home/frappe/frappe-bench/apps/frappe/frappe/utils/scheduler.py:
Site: Suivi_Atelier
Queued events for site Suivi_Atelier
[DEBUG] 2018-01-31 22:46:58,364 | /home/frappe/frappe-bench/apps/frappe/frappe/utils/scheduler.py:
Site: sfao_l
Queued events for site sfao_l
[DEBUG] 2018-01-31 22:47:58,474 | /home/frappe/frappe-bench/apps/frappe/frappe/utils/scheduler.py:
Site: Suivi_Atelier
Queued events for site Suivi_Atelier
[DEBUG] 2018-01-31 22:47:58,509 | /home/frappe/frappe-bench/apps/frappe/frappe/utils/scheduler.py:
Site: sfao_l
Queued events for site sfao_l
[DEBUG] 2018-01-31 22:48:58,685 | /home/frappe/frappe-bench/apps/frappe/frappe/utils/scheduler.py:
Site: Suivi_Atelier
Queued events for site Suivi_Atelier
[DEBUG] 2018-01-31 22:48:58,776 | /home/frappe/frappe-bench/apps/frappe/frappe/utils/scheduler.py:
Site: sfao_l
Queued events for site sfao_l
[DEBUG] 2018-01-31 22:49:58,907 | /home/frappe/frappe-bench/apps/frappe/frappe/utils/scheduler.py:
Site: Suivi_Atelier
Queued events for site Suivi_Atelier
[DEBUG] 2018-01-31 22:49:58,950 | /home/frappe/frappe-bench/apps/frappe/frappe/utils/scheduler.py:
Site: sfao_l
Queued events for site sfao_l
[DEBUG] 2018-01-31 22:50:59,133 | /home/frappe/frappe-bench/apps/frappe/frappe/utils/scheduler.py:
Site: Suivi_Atelier
Queued events for site Suivi_Atelier
[DEBUG] 2018-01-31 22:50:59,167 | /home/frappe/frappe-bench/apps/frappe/frappe/utils/scheduler.py:
Site: sfao_l
Queued events for site sfao_l
[DEBUG] 2018-01-31 22:51:59,303 | /home/frappe/frappe-bench/apps/frappe/frappe/utils/scheduler.py:
Site: Suivi_Atelier
Queued events for site Suivi_Atelier
[DEBUG] 2018-01-31 22:51:59,344 | /home/frappe/frappe-bench/apps/frappe/frappe/utils/scheduler.py:
Site: sfao_l
Queued events for site sfao_l
[DEBUG] 2018-01-31 22:52:59,500 | /home/frappe/frappe-bench/apps/frappe/frappe/utils/scheduler.py:
Site: Suivi_Atelier
Queued events for site Suivi_Atelier
[DEBUG] 2018-01-31 22:52:59,574 | /home/frappe/frappe-bench/apps/frappe/frappe/utils/scheduler.py:
Site: sfao_l
Queued events for site sfao_l
[DEBUG] 2018-01-31 22:53:59,691 | /home/frappe/frappe-bench/apps/frappe/frappe/utils/scheduler.py:
Site: Suivi_Atelier
Queued events for site Suivi_Atelier
[DEBUG] 2018-01-31 22:53:59,734 | /home/frappe/frappe-bench/apps/frappe/frappe/utils/scheduler.py:
Site: sfao_l
Queued events for site sfao_l
[DEBUG] 2018-01-31 22:54:59,858 | /home/frappe/frappe-bench/apps/frappe/frappe/utils/scheduler.py:
Site: Suivi_Atelier
Queued events for site Suivi_Atelier
[DEBUG] 2018-01-31 22:54:59,888 | /home/frappe/frappe-bench/apps/frappe/frappe/utils/scheduler.py:
Site: sfao_l
Queued events for site sfao_l
[DEBUG] 2018-01-31 22:56:00,154 | /home/frappe/frappe-bench/apps/frappe/frappe/utils/scheduler.py:
Site: Suivi_Atelier
Queued events for site Suivi_Atelier
[DEBUG] 2018-01-31 22:56:00,237 | /home/frappe/frappe-bench/apps/frappe/frappe/utils/scheduler.py:
Site: sfao_l
Queued events for site sfao_l
[DEBUG] 2018-01-31 22:57:00,440 | /home/frappe/frappe-bench/apps/frappe/frappe/utils/scheduler.py:
Site: Suivi_Atelier
Queued events for site Suivi_Atelier
[DEBUG] 2018-01-31 22:57:00,519 | /home/frappe/frappe-bench/apps/frappe/frappe/utils/scheduler.py:
Site: sfao_l
Queued events for site sfao_l
[DEBUG] 2018-01-31 22:58:00,652 | /home/frappe/frappe-bench/apps/frappe/frappe/utils/scheduler.py:
Site: Suivi_Atelier
Queued events for site Suivi_Atelier
[DEBUG] 2018-01-31 22:58:00,706 | /home/frappe/frappe-bench/apps/frappe/frappe/utils/scheduler.py:
Site: sfao_l
Queued events for site sfao_l
[DEBUG] 2018-01-31 22:59:00,823 | /home/frappe/frappe-bench/apps/frappe/frappe/utils/scheduler.py:
Site: Suivi_Atelier
Queued events for site Suivi_Atelier
[DEBUG] 2018-01-31 22:59:00,854 | /home/frappe/frappe-bench/apps/frappe/frappe/utils/scheduler.py:
Site: sfao_l
Queued events for site sfao_l
[DEBUG] 2018-01-31 23:00:01,036 | /home/frappe/frappe-bench/apps/frappe/frappe/utils/scheduler.py:
Site: Suivi_Atelier
Queued events for site Suivi_Atelier
[DEBUG] 2018-01-31 23:00:01,201 | /home/frappe/frappe-bench/apps/frappe/frappe/utils/scheduler.py:
Site: sfao_l
Queued events for site sfao_l
